<?xml version="1.0" encoding="UTF-8"?>
<testsuite name="WallServiceTest" tests="1" skipped="0" failures="0" errors="0" timestamp="2021-01-19T21:10:20" hostname="DESKTOP-30FJJC7" time="0.17">
  <properties/>
  <testcase name="addTest" classname="WallServiceTest" time="0.17"/>
  <system-out><![CDATA[]]></system-out>
  <system-err><![CDATA[]]></system-err>
</testsuite>
