<?xml version="1.0" encoding="UTF-8"?>
<testsuite name="WallServiceTest" tests="1" skipped="0" failures="0" errors="0" timestamp="2021-01-25T20:04:49" hostname="DESKTOP-30FJJC7" time="0.183">
  <properties/>
  <testcase name="commentsShouldNotThrow" classname="WallServiceTest" time="0.183"/>
  <system-out><![CDATA[ everything is ok with this comment
]]></system-out>
  <system-err><![CDATA[]]></system-err>
</testsuite>
