<?xml version="1.0" encoding="UTF-8"?>
<testsuite name="WallServiceTest" tests="2" skipped="0" failures="0" errors="0" timestamp="2021-01-19T20:13:39" hostname="DESKTOP-30FJJC7" time="0.127">
  <properties/>
  <testcase name="addTest" classname="WallServiceTest" time="0.127"/>
  <testcase name="main" classname="WallServiceTest" time="0.0"/>
  <system-out><![CDATA[]]></system-out>
  <system-err><![CDATA[]]></system-err>
</testsuite>
